<?xml version="1.0" encoding="UTF-8"?>
<!-- Generated by org.testng.reporters.JUnitReportReporter -->
<testsuite skipped="0" hostname="KI-LAPTOP174" name="tests.PlaceOrderTest" tests="1" failures="0" timestamp="11 Aug 2022 06:23:47 GMT" time="15.337" errors="0">
  <testcase name="placeOrderTest" time="15.337" classname="tests.PlaceOrderTest"/>
</testsuite> <!-- tests.PlaceOrderTest -->
