<?xml version="1.0" encoding="UTF-8"?>
<!-- Generated by org.testng.reporters.JUnitReportReporter -->
<testsuite skipped="0" hostname="KI-LAPTOP174" name="tests.PlaceOrderTest" tests="1" failures="0" timestamp="10 Aug 2022 05:46:37 GMT" time="15.777" errors="0">
  <testcase name="placeOrderTest" time="15.777" classname="tests.PlaceOrderTest"/>
</testsuite> <!-- tests.PlaceOrderTest -->
