<?xml version="1.0" encoding="UTF-8"?>
<!-- Generated by org.testng.reporters.JUnitReportReporter -->
<testsuite skipped="0" hostname="KI-LAPTOP174" name="tests.submitforms" tests="2" failures="0" timestamp="08 Aug 2022 05:38:39 GMT" time="37.827" errors="0">
  <testcase name="testsubmitform" time="18.289" classname="tests.submitforms"/>
  <testcase name="testsubmitform" time="19.538" classname="tests.submitforms"/>
</testsuite> <!-- tests.submitforms -->
